[debug] [2026-04-09T11:27:54.085Z] ----------------------------------------------------------------------
[debug] [2026-04-09T11:27:54.088Z] Command:       /usr/bin/node /usr/bin/firebase init
[debug] [2026-04-09T11:27:54.088Z] CLI Version:   15.13.0
[debug] [2026-04-09T11:27:54.088Z] Platform:      linux
[debug] [2026-04-09T11:27:54.088Z] Node Version:  v25.9.0
[debug] [2026-04-09T11:27:54.088Z] Time:          Thu Apr 09 2026 18:27:54 GMT+0700 (Indochina Time)
[debug] [2026-04-09T11:27:54.088Z] ----------------------------------------------------------------------
[debug] 
[info] 
     ######## #### ########  ######## ########     ###     ######  ########
     ##        ##  ##     ## ##       ##     ##  ##   ##  ##       ##
     ######    ##  ########  ######   ########  #########  ######  ######
     ##        ##  ##    ##  ##       ##     ## ##     ##       ## ##
     ##       #### ##     ## ######## ########  ##     ##  ######  ########

You're about to initialize a Firebase project in this directory:

  /home/phuckhang/MyWorkspace/GDGoC_HackathonVietnam

[debug] [2026-04-09T11:36:52.316Z] ExitPromptError: User force closed the prompt with SIGINT
    at Interface.sigint (/usr/lib/node_modules/firebase-tools/node_modules/@inquirer/core/dist/commonjs/lib/create-prompt.js:101:37)
    at Interface.emit (node:events:509:20)
    at [_ttyWrite] [as _ttyWrite] (node:internal/readline/interface:1327:18)
    at ReadStream.onkeypress (node:internal/readline/interface:284:20)
    at ReadStream.emit (node:events:521:24)
    at emitKeys (node:internal/readline/utils:371:14)
    at emitKeys.next (<anonymous>)
    at ReadStream.onData (node:internal/readline/emitKeypressEvents:64:36)
    at ReadStream.emit (node:events:509:20)
    at addChunk (node:internal/streams/readable:564:12)
[error] 
[error] Error: An unexpected error has occurred.
